<?xml version="1.0" encoding="UTF-8"?>
<!-- Generated by org.testng.reporters.JUnitReportReporter -->
<testsuite hostname="DESKTOP-0UE9EKQ" failures="0" tests="1" name="E_commerce.nopcommerce.com.BaseClass" time="0.045" errors="0" timestamp="2025-06-16T12:39:21 IST" skipped="0">
  <testcase classname="E_commerce.nopcommerce.com.BaseClass" name="Test" time="0.045"/>
</testsuite> <!-- E_commerce.nopcommerce.com.BaseClass -->
