<?xml version="1.0" encoding="UTF-8"?>
<!-- Generated by org.testng.reporters.JUnitReportReporter -->
<testsuite hostname="DESKTOP-0UE9EKQ" failures="0" tests="9" name="pageTestClass.LoginPageTest" time="5.894" errors="0" timestamp="2025-06-27T14:23:34 IST" skipped="1">
  <testcase classname="pageTestClass.LoginPageTest" name="invalidUsername" time="1.630"/>
  <testcase classname="pageTestClass.LoginPageTest" name="invalidpassword" time="0.696"/>
  <testcase classname="pageTestClass.LoginPageTest" name="emptyusername" time="0.576"/>
  <testcase classname="pageTestClass.LoginPageTest" name="emptypassword" time="0.576"/>
  <testcase classname="pageTestClass.LoginPageTest" name="emptyusernameandpassword" time="0.514"/>
  <testcase classname="pageTestClass.LoginPageTest" name="UsernameandpasswordCaseSensitive" time="0.663"/>
  <testcase classname="pageTestClass.LoginPageTest" name="SqlInjection" time="0.622"/>
  <testcase classname="pageTestClass.LoginPageTest" name="vaildCredentials" time="0.617"/>
  <testcase classname="pageTestClass.LoginPageTest" name="LodingPagetime">
    <skipped/>
  </testcase> <!-- LodingPagetime -->
</testsuite> <!-- pageTestClass.LoginPageTest -->
